        -:    0:Source:F:/c projects uni/assignment_6_7/main.cpp
        -:    0:Graph:F:\c projects uni\assignment_6_7\cmake-build-debug-coverage\CMakeFiles\assignment_6_7.dir\main.cpp.gcno
        -:    0:Data:F:\c projects uni\assignment_6_7\cmake-build-debug-coverage\CMakeFiles\assignment_6_7.dir\main.cpp.gcda
        -:    0:Runs:1
        -:    1:
        -:    2:#include <iostream>
        -:    3:#include <string>
        -:    4:#include <windows.h>
        -:    5:#include "Repository/Repository.h"
        -:    6:#include "DynamicArray.h"
        -:    7:#include "Domain/Event.h"
        -:    8:#include "Validator/Validator.h"
        -:    9:#include "Service/Service.h"
        -:   10:#include "Console/Console.h"
        -:   11:#include "Tests/test_domain.h"
        -:   12:#include "Tests/test_dyn_arr.h"
        -:   13:#include "Tests/test_repo.h"
        -:   14:#include "Tests/test_service.h"
        -:   15:#include "Tests/test_validation.h"
        -:   16:#include "FileRepository/FileRepository.h"
        -:   17:#include <vector>
        -:   18:using namespace std;
        -:   19:
function main called 1 returned 100% blocks executed 69%
        1:   20:int main() {
        1:   21:    Validator* validator = new Validator();
        1:   21-block  0
call    0 returned 1
branch  1 taken 1 (fallthrough)
branch  2 taken 0 (throw)
        1:   21-block  1
        -:   22:
        1:   23:    FileRepository adminRepo(R"(F:\\c projects uni\\assignment_6_7\\input.txt)");
        1:   23-block  0
call    0 returned 1
branch  1 taken 1 (fallthrough)
branch  2 taken 0 (throw)
        1:   23-block  1
call    3 returned 1
branch  4 taken 1 (fallthrough)
branch  5 taken 0 (throw)
        1:   23-block  2
call    6 returned 1
    $$$$$:   23-block  3
call    7 never executed
    $$$$$:   23-block  4
    $$$$$:   23-block  5
        1:   24:    adminRepo.initRepo();
        1:   24-block  0
call    0 returned 1
branch  1 taken 1 (fallthrough)
branch  2 taken 0 (throw)
        -:   25:
        1:   26:    Repository userRepo;
        1:   26-block  0
call    0 returned 1
branch  1 taken 1 (fallthrough)
branch  2 taken 0 (throw)
        1:   27:    Service service(adminRepo, userRepo);
        1:   27-block  0
call    0 returned 1
branch  1 taken 1 (fallthrough)
branch  2 taken 0 (throw)
        -:   28:
        1:   29:    Console console(service, validator);
        1:   29-block  0
call    0 returned 1
branch  1 taken 1 (fallthrough)
branch  2 taken 0 (throw)
        -:   30:
        -:   31:    testDomain D;
        1:   32:    D.testAllDomain();
        1:   32-block  0
call    0 returned 1
branch  1 taken 1 (fallthrough)
branch  2 taken 0 (throw)
        -:   33:    Test_DynamicArray DA;
        1:   34:    DA.TestAllDynamicArray();
        1:   34-block  0
call    0 returned 1
branch  1 taken 1 (fallthrough)
branch  2 taken 0 (throw)
        -:   35:    testRepository R;
        1:   36:    R.testAllRepository();
        1:   36-block  0
call    0 returned 1
branch  1 taken 1 (fallthrough)
branch  2 taken 0 (throw)
        -:   37:    testService S;
        1:   38:    S.testAllService();
        1:   38-block  0
call    0 returned 1
branch  1 taken 1 (fallthrough)
branch  2 taken 0 (throw)
        -:   39:    testValidation V;
        1:   40:    V.testAllValidation();
        1:   40-block  0
call    0 returned 1
branch  1 taken 1 (fallthrough)
branch  2 taken 0 (throw)
        -:   41:
        1:   42:    console.Start();
        1:   42-block  0
call    0 returned 1
branch  1 taken 1 (fallthrough)
branch  2 taken 0 (throw)
        1:   43:}
        1:   43-block  0
call    0 returned 1
call    1 returned 1
        1:   43-block  1
    $$$$$:   43-block  2
call    2 never executed
    $$$$$:   43-block  3
call    3 never executed
        -:   44:
