        -:    0:Source:F:/c projects uni/assignment_6_7/Tests/test_dyn_arr.cpp
        -:    0:Graph:F:\c projects uni\assignment_6_7\cmake-build-debug-coverage\CMakeFiles\assignment_6_7.dir\Tests\test_dyn_arr.cpp.gcno
        -:    0:Data:F:\c projects uni\assignment_6_7\cmake-build-debug-coverage\CMakeFiles\assignment_6_7.dir\Tests\test_dyn_arr.cpp.gcda
        -:    0:Runs:1
        -:    1:#include "../DynamicArray.h"
        -:    2:#include "test_dyn_arr.h"
        -:    3:#include <assert.h>
        -:    4:
function _ZN17Test_DynamicArray9TestClearEv called 1 returned 100% blocks executed 73%
        1:    5:void Test_DynamicArray::TestClear() {
        1:    6:    DynamicArray<int>* DA = new DynamicArray<int>(2);
        1:    6-block  0
call    0 returned 1
call    1 returned 1
branch  2 taken 1 (fallthrough)
branch  3 taken 0 (throw)
    $$$$$:    6-block  1
branch  4 never executed (fallthrough)
branch  5 never executed
    $$$$$:    6-block  2
call    6 never executed
        1:    7:    DA->Add(1);
        1:    7-block  0
call    0 returned 1
branch  1 taken 1 (fallthrough)
branch  2 taken 0 (throw)
    $$$$$:    7-block  1
call    3 never executed
        1:    8:    DA->Add(2);
        1:    8-block  0
call    0 returned 1
branch  1 taken 1 (fallthrough)
branch  2 taken 0 (throw)
    $$$$$:    8-block  1
call    3 never executed
        1:    9:    DA->Add(3);
        1:    9-block  0
call    0 returned 1
branch  1 taken 1 (fallthrough)
branch  2 taken 0 (throw)
       1*:   10:    assert(DA->GetSize() == 3);
        1:   10-block  0
call    0 returned 1
branch  1 taken 0 (fallthrough)
branch  2 taken 1
    %%%%%:   10-block  1
call    3 never executed
        1:   10-block  2
        1:   11:    DA->Delete(0);
        1:   11-block  0
call    0 returned 1
        1:   12:    DA->Delete(0);
call    0 returned 1
        1:   13:    DA->Delete(0);
call    0 returned 1
       1*:   14:    assert(DA->GetSize() == 0);
call    0 returned 1
branch  1 taken 0 (fallthrough)
branch  2 taken 1
    %%%%%:   14-block  0
call    3 never executed
        1:   14-block  1
        1:   15:    delete DA;
        1:   15-block  0
branch  0 taken 1 (fallthrough)
branch  1 taken 0
        1:   15-block  1
call    2 returned 1
call    3 returned 1
        1:   16:}
        1:   16-block  0
        -:   17:
function _ZN17Test_DynamicArray10TestResizeEv called 1 returned 100% blocks executed 68%
        1:   18:void Test_DynamicArray::TestResize() {
        1:   19:    DynamicArray<int>* DA = new DynamicArray<int>(2);
        1:   19-block  0
call    0 returned 1
call    1 returned 1
branch  2 taken 1 (fallthrough)
branch  3 taken 0 (throw)
    $$$$$:   19-block  1
branch  4 never executed (fallthrough)
branch  5 never executed
    $$$$$:   19-block  2
call    6 never executed
        1:   20:    DA->Add(1);
        1:   20-block  0
call    0 returned 1
branch  1 taken 1 (fallthrough)
branch  2 taken 0 (throw)
    $$$$$:   20-block  1
call    3 never executed
        1:   21:    DA->Add(2);
        1:   21-block  0
call    0 returned 1
branch  1 taken 1 (fallthrough)
branch  2 taken 0 (throw)
    $$$$$:   21-block  1
call    3 never executed
        1:   22:    DA->Add(3);
        1:   22-block  0
call    0 returned 1
branch  1 taken 1 (fallthrough)
branch  2 taken 0 (throw)
       1*:   23:    assert(DA->GetSize() == 3);
        1:   23-block  0
call    0 returned 1
branch  1 taken 0 (fallthrough)
branch  2 taken 1
    %%%%%:   23-block  1
call    3 never executed
        1:   23-block  2
        1:   24:    delete DA;
        1:   24-block  0
branch  0 taken 1 (fallthrough)
branch  1 taken 0
        1:   24-block  1
call    2 returned 1
call    3 returned 1
        1:   25:}
        1:   25-block  0
        -:   26:
function _ZN17Test_DynamicArray10TestDeleteEv called 1 returned 100% blocks executed 74%
        1:   27:void Test_DynamicArray::TestDelete() {
        1:   28:    DynamicArray<int>* DA = new DynamicArray<int>(2);
        1:   28-block  0
call    0 returned 1
call    1 returned 1
branch  2 taken 1 (fallthrough)
branch  3 taken 0 (throw)
    $$$$$:   28-block  1
branch  4 never executed (fallthrough)
branch  5 never executed
    $$$$$:   28-block  2
call    6 never executed
        1:   29:    DA->Add(1);
        1:   29-block  0
call    0 returned 1
branch  1 taken 1 (fallthrough)
branch  2 taken 0 (throw)
    $$$$$:   29-block  1
call    3 never executed
        1:   30:    DA->Add(2);
        1:   30-block  0
call    0 returned 1
branch  1 taken 1 (fallthrough)
branch  2 taken 0 (throw)
       1*:   31:    assert((*DA)[0] == 1);
        1:   31-block  0
call    0 returned 1
branch  1 taken 0 (fallthrough)
branch  2 taken 1
    %%%%%:   31-block  1
call    3 never executed
        1:   31-block  2
       1*:   32:    assert((*DA)[1] == 2);
        1:   32-block  0
call    0 returned 1
branch  1 taken 0 (fallthrough)
branch  2 taken 1
    %%%%%:   32-block  1
call    3 never executed
        1:   32-block  2
       1*:   33:    assert(DA->GetSize() == 2);
        1:   33-block  0
call    0 returned 1
branch  1 taken 0 (fallthrough)
branch  2 taken 1
    %%%%%:   33-block  1
call    3 never executed
        1:   33-block  2
        1:   34:    DA->Delete(0);
        1:   34-block  0
call    0 returned 1
       1*:   35:    assert((*DA)[0] == 2);
call    0 returned 1
branch  1 taken 0 (fallthrough)
branch  2 taken 1
    %%%%%:   35-block  0
call    3 never executed
        1:   35-block  1
       1*:   36:    assert(DA->GetSize() == 1);
        1:   36-block  0
call    0 returned 1
branch  1 taken 0 (fallthrough)
branch  2 taken 1
    %%%%%:   36-block  1
call    3 never executed
        1:   36-block  2
        1:   37:    delete DA;
        1:   37-block  0
branch  0 taken 1 (fallthrough)
branch  1 taken 0
        1:   37-block  1
call    2 returned 1
call    3 returned 1
        1:   38:}
        1:   38-block  0
        -:   39:
function _ZN17Test_DynamicArray7TestAddEv called 1 returned 100% blocks executed 71%
        1:   40:void Test_DynamicArray::TestAdd() {
        1:   41:    DynamicArray<int>* DA = new DynamicArray<int>(2);
        1:   41-block  0
call    0 returned 1
call    1 returned 1
branch  2 taken 1 (fallthrough)
branch  3 taken 0 (throw)
    $$$$$:   41-block  1
branch  4 never executed (fallthrough)
branch  5 never executed
    $$$$$:   41-block  2
call    6 never executed
        1:   42:    DA->Add(1);
        1:   42-block  0
call    0 returned 1
branch  1 taken 1 (fallthrough)
branch  2 taken 0 (throw)
    $$$$$:   42-block  1
call    3 never executed
       1*:   43:    assert((*DA)[0] == 1);
        1:   43-block  0
call    0 returned 1
branch  1 taken 0 (fallthrough)
branch  2 taken 1
    %%%%%:   43-block  1
call    3 never executed
        1:   43-block  2
        1:   44:    DA->Add(2);
        1:   44-block  0
call    0 returned 1
branch  1 taken 1 (fallthrough)
branch  2 taken 0 (throw)
       1*:   45:    assert((*DA)[1] == 2);
        1:   45-block  0
call    0 returned 1
branch  1 taken 0 (fallthrough)
branch  2 taken 1
    %%%%%:   45-block  1
call    3 never executed
        1:   45-block  2
        1:   46:    delete DA;
        1:   46-block  0
branch  0 taken 1 (fallthrough)
branch  1 taken 0
        1:   46-block  1
call    2 returned 1
call    3 returned 1
        1:   47:}
        1:   47-block  0
        -:   48:
function _ZN17Test_DynamicArray10TestUpdateEv called 1 returned 100% blocks executed 70%
        1:   49:void Test_DynamicArray::TestUpdate() {
        1:   50:    DynamicArray<int>* DA = new DynamicArray<int>(2);
        1:   50-block  0
call    0 returned 1
call    1 returned 1
branch  2 taken 1 (fallthrough)
branch  3 taken 0 (throw)
    $$$$$:   50-block  1
branch  4 never executed (fallthrough)
branch  5 never executed
    $$$$$:   50-block  2
call    6 never executed
        1:   51:    DA->Add(1);
        1:   51-block  0
call    0 returned 1
branch  1 taken 1 (fallthrough)
branch  2 taken 0 (throw)
    $$$$$:   51-block  1
call    3 never executed
        1:   52:    DA->Add(2);
        1:   52-block  0
call    0 returned 1
branch  1 taken 1 (fallthrough)
branch  2 taken 0 (throw)
    $$$$$:   52-block  1
call    3 never executed
        1:   53:    DA->Add(3);
        1:   53-block  0
call    0 returned 1
branch  1 taken 1 (fallthrough)
branch  2 taken 0 (throw)
        1:   54:    DA->Update(4, 1);
        1:   54-block  0
call    0 returned 1
       1*:   55:    assert((*DA)[1] == 4);
call    0 returned 1
branch  1 taken 0 (fallthrough)
branch  2 taken 1
    %%%%%:   55-block  0
call    3 never executed
        1:   55-block  1
        1:   56:    delete DA;
        1:   56-block  0
branch  0 taken 1 (fallthrough)
branch  1 taken 0
        1:   56-block  1
call    2 returned 1
call    3 returned 1
        1:   57:}
        1:   57-block  0
        -:   58:
function _ZN17Test_DynamicArray11TestGetSizeEv called 1 returned 100% blocks executed 74%
        1:   59:void Test_DynamicArray::TestGetSize() {
        -:   60:
        1:   61:    DynamicArray<int>* DA = new DynamicArray<int>(2);
        1:   61-block  0
call    0 returned 1
call    1 returned 1
branch  2 taken 1 (fallthrough)
branch  3 taken 0 (throw)
    $$$$$:   61-block  1
branch  4 never executed (fallthrough)
branch  5 never executed
    $$$$$:   61-block  2
call    6 never executed
        1:   62:    DA->Add(1);
        1:   62-block  0
call    0 returned 1
branch  1 taken 1 (fallthrough)
branch  2 taken 0 (throw)
    $$$$$:   62-block  1
call    3 never executed
        1:   63:    DA->Add(2);
        1:   63-block  0
call    0 returned 1
branch  1 taken 1 (fallthrough)
branch  2 taken 0 (throw)
       1*:   64:    assert(DA->GetSize() == 2);
        1:   64-block  0
call    0 returned 1
branch  1 taken 0 (fallthrough)
branch  2 taken 1
    %%%%%:   64-block  1
call    3 never executed
        1:   64-block  2
        1:   65:    DA->Delete(1);
        1:   65-block  0
call    0 returned 1
       1*:   66:    assert(DA->GetSize() == 1);
call    0 returned 1
branch  1 taken 0 (fallthrough)
branch  2 taken 1
    %%%%%:   66-block  0
call    3 never executed
        1:   66-block  1
        1:   67:    DA->Delete(0);
        1:   67-block  0
call    0 returned 1
       1*:   68:    assert(DA->GetSize() == 0);
call    0 returned 1
branch  1 taken 0 (fallthrough)
branch  2 taken 1
    %%%%%:   68-block  0
call    3 never executed
        1:   68-block  1
        1:   69:    delete DA;
        1:   69-block  0
branch  0 taken 1 (fallthrough)
branch  1 taken 0
        1:   69-block  1
call    2 returned 1
call    3 returned 1
        1:   70:}
        1:   70-block  0
        -:   71:
function _ZN17Test_DynamicArray19TestAllDynamicArrayEv called 1 returned 100% blocks executed 100%
        1:   72:void Test_DynamicArray::TestAllDynamicArray() {
        1:   73:    TestClear();
        1:   73-block  0
call    0 returned 1
        1:   74:    TestResize();
call    0 returned 1
        1:   75:    TestDelete();
call    0 returned 1
        1:   76:    TestAdd();
call    0 returned 1
        1:   77:    TestUpdate();
call    0 returned 1
        1:   78:    TestGetSize();
call    0 returned 1
        1:   79:}
