        -:    0:Source:F:/c projects uni/assignment_6_7/Tests/test_validation.cpp
        -:    0:Graph:F:\c projects uni\assignment_6_7\cmake-build-debug-coverage\CMakeFiles\assignment_6_7.dir\Tests\test_validation.cpp.gcno
        -:    0:Data:F:\c projects uni\assignment_6_7\cmake-build-debug-coverage\CMakeFiles\assignment_6_7.dir\Tests\test_validation.cpp.gcda
        -:    0:Runs:1
        -:    1:#include <string>
        -:    2:#include "test_validation.h"
        -:    3:#include "../Validator/validator.h"
        -:    4:#include <assert.h>
        -:    5:using namespace std;
        -:    6:
function _ZN14testValidation16testValidateDateEv called 1 returned 100% blocks executed 80%
        1:    7:void testValidation::testValidateDate(){
        1:    8:  Validator* validator = new Validator();
        1:    8-block  0
call    0 returned 1
       1*:    9:  assert(validator->validateDate(1, 2, 2025));
call    0 returned 1
branch  1 taken 0 (fallthrough)
branch  2 taken 1
    %%%%%:    9-block  0
call    3 never executed
        1:    9-block  1
       1*:   10:  assert(!validator->validateDate(0, 2, 2025));
        1:   10-block  0
call    0 returned 1
branch  1 taken 0 (fallthrough)
branch  2 taken 1
    %%%%%:   10-block  1
call    3 never executed
        1:   10-block  2
       1*:   11:  assert(!validator->validateDate(1, 14, 2025));
        1:   11-block  0
call    0 returned 1
branch  1 taken 0 (fallthrough)
branch  2 taken 1
    %%%%%:   11-block  1
call    3 never executed
        1:   11-block  2
       1*:   12:  assert(!validator->validateDate(1, 2, 2));
        1:   12-block  0
call    0 returned 1
branch  1 taken 0 (fallthrough)
branch  2 taken 1
    %%%%%:   12-block  1
call    3 never executed
        1:   12-block  2
        1:   13:  delete validator;
        1:   13-block  0
branch  0 taken 1 (fallthrough)
branch  1 taken 0
        1:   13-block  1
call    2 returned 1
        1:   14:}
        -:   15:
function _ZN14testValidation16testValidateTimeEv called 1 returned 100% blocks executed 80%
        1:   16:void testValidation::testValidateTime(){
        1:   17:  Validator* validator = new Validator();
        1:   17-block  0
call    0 returned 1
       1*:   18:  assert(validator->validateTime(1));
call    0 returned 1
branch  1 taken 0 (fallthrough)
branch  2 taken 1
    %%%%%:   18-block  0
call    3 never executed
        1:   18-block  1
       1*:   19:  assert(!validator->validateTime(25));
        1:   19-block  0
call    0 returned 1
branch  1 taken 0 (fallthrough)
branch  2 taken 1
    %%%%%:   19-block  1
call    3 never executed
        1:   19-block  2
        1:   20:}
        -:   21:
function _ZN14testValidation22testValidateAttendanceEv called 1 returned 100% blocks executed 80%
        1:   22:void testValidation::testValidateAttendance(){
        1:   23:  Validator* validator = new Validator();
        1:   23-block  0
call    0 returned 1
       1*:   24:  assert(validator->validateAttendance(1));
call    0 returned 1
branch  1 taken 0 (fallthrough)
branch  2 taken 1
    %%%%%:   24-block  0
call    3 never executed
        1:   24-block  1
       1*:   25:  assert(!validator->validateAttendance(-1));
        1:   25-block  0
call    0 returned 1
branch  1 taken 0 (fallthrough)
branch  2 taken 1
    %%%%%:   25-block  1
call    3 never executed
        1:   25-block  2
        1:   26:}
        -:   27:
function _ZN14testValidation17testAllValidationEv called 1 returned 100% blocks executed 100%
        1:   28:void testValidation::testAllValidation(){
        1:   29:  testValidateDate();
        1:   29-block  0
call    0 returned 1
        1:   30:  testValidateTime();
call    0 returned 1
        1:   31:  testValidateAttendance();
call    0 returned 1
        1:   32:}
