        -:    0:Source:F:/c projects uni/assignment_6_7/Tests/test_service.cpp
        -:    0:Graph:F:\c projects uni\assignment_6_7\cmake-build-debug-coverage\CMakeFiles\assignment_6_7.dir\Tests\test_service.cpp.gcno
        -:    0:Data:F:\c projects uni\assignment_6_7\cmake-build-debug-coverage\CMakeFiles\assignment_6_7.dir\Tests\test_service.cpp.gcda
        -:    0:Runs:1
        -:    1:#include "../DynamicArray.h"
        -:    2:#include "test_service.h"
        -:    3:#include "../Repository/Repository.h"
        -:    4:#include "../Service/Service.h"
        -:    5:#include <assert.h>
        -:    6:
function _ZN11testService19testAddServiceAdminEv called 1 returned 100% blocks executed 51%
        1:    7:void testService::testAddServiceAdmin(){
        1:    8:  Repository adminRepo;
        1:    8-block  0
call    0 returned 1
branch  1 taken 1 (fallthrough)
branch  2 taken 0 (throw)
        1:    9:  Repository userRepo;
        1:    9-block  0
call    0 returned 1
branch  1 taken 1 (fallthrough)
branch  2 taken 0 (throw)
        1:   10:  Service service(adminRepo, userRepo);
        1:   10-block  0
call    0 returned 1
branch  1 taken 1 (fallthrough)
branch  2 taken 0 (throw)
       6*:   11:  assert(service.addServiceAdmin("title", "desc", Date(1, 2, 2025), 1, 1, "link") == 0);
        1:   11-block  0
        1:   11-block  1
call    0 returned 1
branch  1 taken 1 (fallthrough)
branch  2 taken 0 (throw)
        1:   11-block  2
call    3 returned 1
branch  4 taken 1 (fallthrough)
branch  5 taken 0 (throw)
        1:   11-block  3
call    6 returned 1
branch  7 taken 1 (fallthrough)
branch  8 taken 0 (throw)
        1:   11-block  4
        1:   11-block  5
call    9 returned 1
branch 10 taken 1 (fallthrough)
branch 11 taken 0 (throw)
        1:   11-block  6
call   12 returned 1
branch 13 taken 1 (fallthrough)
branch 14 taken 0 (throw)
        1:   11-block  7
branch 15 taken 0 (fallthrough)
branch 16 taken 1
    %%%%%:   11-block  8
call   17 never executed
        1:   11-block  9
        1:   11-block 10
branch 18 taken 1 (fallthrough)
branch 19 taken 0
        1:   11-block 11
call   20 returned 1
        1:   11-block 12
branch 21 taken 1 (fallthrough)
branch 22 taken 0
        1:   11-block 13
branch 23 taken 1 (fallthrough)
branch 24 taken 0
        1:   11-block 14
call   25 returned 1
        1:   11-block 15
branch 26 taken 1 (fallthrough)
branch 27 taken 0
        1:   11-block 16
branch 28 taken 1 (fallthrough)
branch 29 taken 0
        1:   11-block 17
call   30 returned 1
        1:   11-block 18
branch 31 taken 1 (fallthrough)
branch 32 taken 0
    $$$$$:   11-block 19
branch 33 never executed (fallthrough)
branch 34 never executed
    $$$$$:   11-block 20
call   35 never executed
    $$$$$:   11-block 21
    $$$$$:   11-block 22
branch 36 never executed (fallthrough)
branch 37 never executed
    $$$$$:   11-block 23
    $$$$$:   11-block 24
branch 38 never executed (fallthrough)
branch 39 never executed
    $$$$$:   11-block 25
call   40 never executed
    $$$$$:   11-block 26
    $$$$$:   11-block 27
branch 41 never executed (fallthrough)
branch 42 never executed
    $$$$$:   11-block 28
    $$$$$:   11-block 29
    $$$$$:   11-block 30
branch 43 never executed (fallthrough)
branch 44 never executed
    $$$$$:   11-block 31
call   45 never executed
    $$$$$:   11-block 32
    $$$$$:   11-block 33
branch 46 never executed (fallthrough)
branch 47 never executed
    $$$$$:   11-block 34
        1:   12:}
        1:   12-block  0
call    0 returned 1
call    1 returned 1
    $$$$$:   12-block  1
call    2 never executed
    $$$$$:   12-block  2
call    3 never executed
        -:   13:
function _ZN11testService22testDeleteServiceAdminEv called 1 returned 100% blocks executed 52%
        1:   14:void testService::testDeleteServiceAdmin(){
        1:   15:  Repository adminRepo;
        1:   15-block  0
call    0 returned 1
branch  1 taken 1 (fallthrough)
branch  2 taken 0 (throw)
        1:   16:  Repository userRepo;
        1:   16-block  0
call    0 returned 1
branch  1 taken 1 (fallthrough)
branch  2 taken 0 (throw)
        1:   17:  Service service(adminRepo, userRepo);
        1:   17-block  0
call    0 returned 1
branch  1 taken 1 (fallthrough)
branch  2 taken 0 (throw)
        5:   18:  service.addServiceAdmin("title", "desc", Date(1, 2, 2025), 1, 1, "link");
        1:   18-block  0
call    0 returned 1
branch  1 taken 1 (fallthrough)
branch  2 taken 0 (throw)
        1:   18-block  1
call    3 returned 1
branch  4 taken 1 (fallthrough)
branch  5 taken 0 (throw)
        1:   18-block  2
call    6 returned 1
branch  7 taken 1 (fallthrough)
branch  8 taken 0 (throw)
        1:   18-block  3
call    9 returned 1
branch 10 taken 1 (fallthrough)
branch 11 taken 0 (throw)
        1:   18-block  4
call   12 returned 1
branch 13 taken 1 (fallthrough)
branch 14 taken 0 (throw)
        1:   18-block  5
call   15 returned 1
        1:   18-block  6
call   16 returned 1
        1:   18-block  7
call   17 returned 1
    $$$$$:   18-block  8
call   18 never executed
    $$$$$:   18-block  9
    $$$$$:   18-block 10
    $$$$$:   18-block 11
call   19 never executed
    $$$$$:   18-block 12
    $$$$$:   18-block 13
    $$$$$:   18-block 14
    $$$$$:   18-block 15
call   20 never executed
    $$$$$:   18-block 16
    $$$$$:   18-block 17
       2*:   19:  assert(!service.deleteServiceAdmin("title"));
        1:   19-block  0
        1:   19-block  1
call    0 returned 1
branch  1 taken 1 (fallthrough)
branch  2 taken 0 (throw)
        1:   19-block  2
call    3 returned 1
branch  4 taken 1 (fallthrough)
branch  5 taken 0 (throw)
        1:   19-block  3
branch  6 taken 0 (fallthrough)
branch  7 taken 1
    %%%%%:   19-block  4
call    8 never executed
        1:   19-block  5
        1:   19-block  6
branch  9 taken 1 (fallthrough)
branch 10 taken 0
        1:   19-block  7
call   11 returned 1
        1:   19-block  8
branch 12 taken 1 (fallthrough)
branch 13 taken 0
    $$$$$:   19-block  9
branch 14 never executed (fallthrough)
branch 15 never executed
    $$$$$:   19-block 10
call   16 never executed
    $$$$$:   19-block 11
    $$$$$:   19-block 12
branch 17 never executed (fallthrough)
branch 18 never executed
    $$$$$:   19-block 13
       2*:   20:  assert(service.deleteServiceAdmin("doesntexist"));
        1:   20-block  0
        1:   20-block  1
call    0 returned 1
branch  1 taken 1 (fallthrough)
branch  2 taken 0 (throw)
        1:   20-block  2
call    3 returned 1
branch  4 taken 1 (fallthrough)
branch  5 taken 0 (throw)
        1:   20-block  3
branch  6 taken 0 (fallthrough)
branch  7 taken 1
    %%%%%:   20-block  4
call    8 never executed
        1:   20-block  5
        1:   20-block  6
branch  9 taken 1 (fallthrough)
branch 10 taken 0
        1:   20-block  7
call   11 returned 1
        1:   20-block  8
branch 12 taken 1 (fallthrough)
branch 13 taken 0
    $$$$$:   20-block  9
branch 14 never executed (fallthrough)
branch 15 never executed
    $$$$$:   20-block 10
call   16 never executed
    $$$$$:   20-block 11
    $$$$$:   20-block 12
branch 17 never executed (fallthrough)
branch 18 never executed
    $$$$$:   20-block 13
        1:   21:}
        1:   21-block  0
call    0 returned 1
call    1 returned 1
    $$$$$:   21-block  1
call    2 never executed
    $$$$$:   21-block  2
call    3 never executed
        -:   22:
function _ZN11testService26testUpdateEventStringAdminEv called 1 returned 100% blocks executed 50%
        1:   23:void testService::testUpdateEventStringAdmin(){
        1:   24:  Repository adminRepo;
        1:   24-block  0
call    0 returned 1
branch  1 taken 1 (fallthrough)
branch  2 taken 0 (throw)
        1:   25:  Repository userRepo;
        1:   25-block  0
call    0 returned 1
branch  1 taken 1 (fallthrough)
branch  2 taken 0 (throw)
        1:   26:  Service service(adminRepo, userRepo);\
        1:   26-block  0
call    0 returned 1
branch  1 taken 1 (fallthrough)
branch  2 taken 0 (throw)
        1:   27:  service.getUserRepo();
        1:   27-block  0
call    0 returned 1
branch  1 taken 1 (fallthrough)
branch  2 taken 0 (throw)
        1:   27-block  1
call    3 returned 1
    $$$$$:   27-block  2
        5:   28:  service.addServiceAdmin("title", "desc", Date(1, 2, 2025), 1, 1, "link");
        1:   28-block  0
call    0 returned 1
branch  1 taken 1 (fallthrough)
branch  2 taken 0 (throw)
        1:   28-block  1
call    3 returned 1
branch  4 taken 1 (fallthrough)
branch  5 taken 0 (throw)
        1:   28-block  2
call    6 returned 1
branch  7 taken 1 (fallthrough)
branch  8 taken 0 (throw)
        1:   28-block  3
call    9 returned 1
branch 10 taken 1 (fallthrough)
branch 11 taken 0 (throw)
        1:   28-block  4
call   12 returned 1
branch 13 taken 1 (fallthrough)
branch 14 taken 0 (throw)
        1:   28-block  5
call   15 returned 1
        1:   28-block  6
call   16 returned 1
        1:   28-block  7
call   17 returned 1
    $$$$$:   28-block  8
call   18 never executed
    $$$$$:   28-block  9
    $$$$$:   28-block 10
    $$$$$:   28-block 11
call   19 never executed
    $$$$$:   28-block 12
    $$$$$:   28-block 13
    $$$$$:   28-block 14
    $$$$$:   28-block 15
call   20 never executed
    $$$$$:   28-block 16
    $$$$$:   28-block 17
       4*:   29:  assert(!service.updateEventStringAdmin("title", "new", 1));
        1:   29-block  0
        1:   29-block  1
call    0 returned 1
branch  1 taken 1 (fallthrough)
branch  2 taken 0 (throw)
        1:   29-block  2
        1:   29-block  3
call    3 returned 1
branch  4 taken 1 (fallthrough)
branch  5 taken 0 (throw)
        1:   29-block  4
call    6 returned 1
branch  7 taken 1 (fallthrough)
branch  8 taken 0 (throw)
        1:   29-block  5
branch  9 taken 0 (fallthrough)
branch 10 taken 1
    %%%%%:   29-block  6
call   11 never executed
        1:   29-block  7
        1:   29-block  8
branch 12 taken 1 (fallthrough)
branch 13 taken 0
        1:   29-block  9
call   14 returned 1
        1:   29-block 10
branch 15 taken 1 (fallthrough)
branch 16 taken 0
        1:   29-block 11
branch 17 taken 1 (fallthrough)
branch 18 taken 0
        1:   29-block 12
call   19 returned 1
        1:   29-block 13
branch 20 taken 1 (fallthrough)
branch 21 taken 0
    $$$$$:   29-block 14
branch 22 never executed (fallthrough)
branch 23 never executed
    $$$$$:   29-block 15
call   24 never executed
    $$$$$:   29-block 16
    $$$$$:   29-block 17
branch 25 never executed (fallthrough)
branch 26 never executed
    $$$$$:   29-block 18
    $$$$$:   29-block 19
branch 27 never executed (fallthrough)
branch 28 never executed
    $$$$$:   29-block 20
call   29 never executed
    $$$$$:   29-block 21
    $$$$$:   29-block 22
branch 30 never executed (fallthrough)
branch 31 never executed
    $$$$$:   29-block 23
       4*:   30:  assert(!service.updateEventStringAdmin("new", "new_desc", 2));
        1:   30-block  0
        1:   30-block  1
call    0 returned 1
branch  1 taken 1 (fallthrough)
branch  2 taken 0 (throw)
        1:   30-block  2
        1:   30-block  3
call    3 returned 1
branch  4 taken 1 (fallthrough)
branch  5 taken 0 (throw)
        1:   30-block  4
call    6 returned 1
branch  7 taken 1 (fallthrough)
branch  8 taken 0 (throw)
        1:   30-block  5
branch  9 taken 0 (fallthrough)
branch 10 taken 1
    %%%%%:   30-block  6
call   11 never executed
        1:   30-block  7
        1:   30-block  8
branch 12 taken 1 (fallthrough)
branch 13 taken 0
        1:   30-block  9
call   14 returned 1
        1:   30-block 10
branch 15 taken 1 (fallthrough)
branch 16 taken 0
        1:   30-block 11
branch 17 taken 1 (fallthrough)
branch 18 taken 0
        1:   30-block 12
call   19 returned 1
        1:   30-block 13
branch 20 taken 1 (fallthrough)
branch 21 taken 0
    $$$$$:   30-block 14
branch 22 never executed (fallthrough)
branch 23 never executed
    $$$$$:   30-block 15
call   24 never executed
    $$$$$:   30-block 16
    $$$$$:   30-block 17
branch 25 never executed (fallthrough)
branch 26 never executed
    $$$$$:   30-block 18
    $$$$$:   30-block 19
branch 27 never executed (fallthrough)
branch 28 never executed
    $$$$$:   30-block 20
call   29 never executed
    $$$$$:   30-block 21
    $$$$$:   30-block 22
branch 30 never executed (fallthrough)
branch 31 never executed
    $$$$$:   30-block 23
       4*:   31:  assert(!service.updateEventStringAdmin("new", "new_link", 6));
        1:   31-block  0
        1:   31-block  1
call    0 returned 1
branch  1 taken 1 (fallthrough)
branch  2 taken 0 (throw)
        1:   31-block  2
        1:   31-block  3
call    3 returned 1
branch  4 taken 1 (fallthrough)
branch  5 taken 0 (throw)
        1:   31-block  4
call    6 returned 1
branch  7 taken 1 (fallthrough)
branch  8 taken 0 (throw)
        1:   31-block  5
branch  9 taken 0 (fallthrough)
branch 10 taken 1
    %%%%%:   31-block  6
call   11 never executed
        1:   31-block  7
        1:   31-block  8
branch 12 taken 1 (fallthrough)
branch 13 taken 0
        1:   31-block  9
call   14 returned 1
        1:   31-block 10
branch 15 taken 1 (fallthrough)
branch 16 taken 0
        1:   31-block 11
branch 17 taken 1 (fallthrough)
branch 18 taken 0
        1:   31-block 12
call   19 returned 1
        1:   31-block 13
branch 20 taken 1 (fallthrough)
branch 21 taken 0
    $$$$$:   31-block 14
branch 22 never executed (fallthrough)
branch 23 never executed
    $$$$$:   31-block 15
call   24 never executed
    $$$$$:   31-block 16
    $$$$$:   31-block 17
branch 25 never executed (fallthrough)
branch 26 never executed
    $$$$$:   31-block 18
    $$$$$:   31-block 19
branch 27 never executed (fallthrough)
branch 28 never executed
    $$$$$:   31-block 20
call   29 never executed
    $$$$$:   31-block 21
    $$$$$:   31-block 22
branch 30 never executed (fallthrough)
branch 31 never executed
    $$$$$:   31-block 23
       4*:   32:  assert(service.updateEventStringAdmin("doesntexist", "new_desc", 1));
        1:   32-block  0
        1:   32-block  1
call    0 returned 1
branch  1 taken 1 (fallthrough)
branch  2 taken 0 (throw)
        1:   32-block  2
        1:   32-block  3
call    3 returned 1
branch  4 taken 1 (fallthrough)
branch  5 taken 0 (throw)
        1:   32-block  4
call    6 returned 1
branch  7 taken 1 (fallthrough)
branch  8 taken 0 (throw)
        1:   32-block  5
branch  9 taken 0 (fallthrough)
branch 10 taken 1
    %%%%%:   32-block  6
call   11 never executed
        1:   32-block  7
        1:   32-block  8
branch 12 taken 1 (fallthrough)
branch 13 taken 0
        1:   32-block  9
call   14 returned 1
        1:   32-block 10
branch 15 taken 1 (fallthrough)
branch 16 taken 0
        1:   32-block 11
branch 17 taken 1 (fallthrough)
branch 18 taken 0
        1:   32-block 12
call   19 returned 1
        1:   32-block 13
branch 20 taken 1 (fallthrough)
branch 21 taken 0
    $$$$$:   32-block 14
branch 22 never executed (fallthrough)
branch 23 never executed
    $$$$$:   32-block 15
call   24 never executed
    $$$$$:   32-block 16
    $$$$$:   32-block 17
branch 25 never executed (fallthrough)
branch 26 never executed
    $$$$$:   32-block 18
    $$$$$:   32-block 19
branch 27 never executed (fallthrough)
branch 28 never executed
    $$$$$:   32-block 20
call   29 never executed
    $$$$$:   32-block 21
    $$$$$:   32-block 22
branch 30 never executed (fallthrough)
branch 31 never executed
    $$$$$:   32-block 23
        1:   33:}
        1:   33-block  0
call    0 returned 1
call    1 returned 1
    $$$$$:   33-block  1
call    2 never executed
    $$$$$:   33-block  2
call    3 never executed
        -:   34:
function _ZN11testService23testUpdateEventIntAdminEv called 1 returned 100% blocks executed 52%
        1:   35:void testService::testUpdateEventIntAdmin(){
        1:   36:  Repository adminRepo;
        1:   36-block  0
call    0 returned 1
branch  1 taken 1 (fallthrough)
branch  2 taken 0 (throw)
        1:   37:  Repository userRepo;
        1:   37-block  0
call    0 returned 1
branch  1 taken 1 (fallthrough)
branch  2 taken 0 (throw)
        1:   38:  Service service(adminRepo, userRepo);
        1:   38-block  0
call    0 returned 1
branch  1 taken 1 (fallthrough)
branch  2 taken 0 (throw)
        5:   39:  service.addServiceAdmin("title", "desc", Date(1, 2, 2025), 1, 1, "link");
        1:   39-block  0
call    0 returned 1
branch  1 taken 1 (fallthrough)
branch  2 taken 0 (throw)
        1:   39-block  1
call    3 returned 1
branch  4 taken 1 (fallthrough)
branch  5 taken 0 (throw)
        1:   39-block  2
call    6 returned 1
branch  7 taken 1 (fallthrough)
branch  8 taken 0 (throw)
        1:   39-block  3
call    9 returned 1
branch 10 taken 1 (fallthrough)
branch 11 taken 0 (throw)
        1:   39-block  4
call   12 returned 1
branch 13 taken 1 (fallthrough)
branch 14 taken 0 (throw)
        1:   39-block  5
call   15 returned 1
        1:   39-block  6
call   16 returned 1
        1:   39-block  7
call   17 returned 1
    $$$$$:   39-block  8
call   18 never executed
    $$$$$:   39-block  9
    $$$$$:   39-block 10
    $$$$$:   39-block 11
call   19 never executed
    $$$$$:   39-block 12
    $$$$$:   39-block 13
    $$$$$:   39-block 14
    $$$$$:   39-block 15
call   20 never executed
    $$$$$:   39-block 16
    $$$$$:   39-block 17
       2*:   40:  assert(!service.updateEventIntAdmin("title", 10, 4));
        1:   40-block  0
        1:   40-block  1
call    0 returned 1
branch  1 taken 1 (fallthrough)
branch  2 taken 0 (throw)
        1:   40-block  2
call    3 returned 1
branch  4 taken 1 (fallthrough)
branch  5 taken 0 (throw)
        1:   40-block  3
branch  6 taken 0 (fallthrough)
branch  7 taken 1
    %%%%%:   40-block  4
call    8 never executed
        1:   40-block  5
        1:   40-block  6
branch  9 taken 1 (fallthrough)
branch 10 taken 0
        1:   40-block  7
call   11 returned 1
        1:   40-block  8
branch 12 taken 1 (fallthrough)
branch 13 taken 0
    $$$$$:   40-block  9
branch 14 never executed (fallthrough)
branch 15 never executed
    $$$$$:   40-block 10
call   16 never executed
    $$$$$:   40-block 11
    $$$$$:   40-block 12
branch 17 never executed (fallthrough)
branch 18 never executed
    $$$$$:   40-block 13
       2*:   41:  assert(!service.updateEventIntAdmin("title", 11, 5));
        1:   41-block  0
        1:   41-block  1
call    0 returned 1
branch  1 taken 1 (fallthrough)
branch  2 taken 0 (throw)
        1:   41-block  2
call    3 returned 1
branch  4 taken 1 (fallthrough)
branch  5 taken 0 (throw)
        1:   41-block  3
branch  6 taken 0 (fallthrough)
branch  7 taken 1
    %%%%%:   41-block  4
call    8 never executed
        1:   41-block  5
        1:   41-block  6
branch  9 taken 1 (fallthrough)
branch 10 taken 0
        1:   41-block  7
call   11 returned 1
        1:   41-block  8
branch 12 taken 1 (fallthrough)
branch 13 taken 0
    $$$$$:   41-block  9
branch 14 never executed (fallthrough)
branch 15 never executed
    $$$$$:   41-block 10
call   16 never executed
    $$$$$:   41-block 11
    $$$$$:   41-block 12
branch 17 never executed (fallthrough)
branch 18 never executed
    $$$$$:   41-block 13
       2*:   42:  assert(service.updateEventIntAdmin("doesntexist", -12, 1));
        1:   42-block  0
        1:   42-block  1
call    0 returned 1
branch  1 taken 1 (fallthrough)
branch  2 taken 0 (throw)
        1:   42-block  2
call    3 returned 1
branch  4 taken 1 (fallthrough)
branch  5 taken 0 (throw)
        1:   42-block  3
branch  6 taken 0 (fallthrough)
branch  7 taken 1
    %%%%%:   42-block  4
call    8 never executed
        1:   42-block  5
        1:   42-block  6
branch  9 taken 1 (fallthrough)
branch 10 taken 0
        1:   42-block  7
call   11 returned 1
        1:   42-block  8
branch 12 taken 1 (fallthrough)
branch 13 taken 0
    $$$$$:   42-block  9
branch 14 never executed (fallthrough)
branch 15 never executed
    $$$$$:   42-block 10
call   16 never executed
    $$$$$:   42-block 11
    $$$$$:   42-block 12
branch 17 never executed (fallthrough)
branch 18 never executed
    $$$$$:   42-block 13
        1:   43:}
        1:   43-block  0
call    0 returned 1
call    1 returned 1
    $$$$$:   43-block  1
call    2 never executed
    $$$$$:   43-block  2
call    3 never executed
        -:   44:
function _ZN11testService24testUpdateEventDateAdminEv called 1 returned 100% blocks executed 52%
        1:   45:void testService::testUpdateEventDateAdmin(){
        1:   46:  Repository adminRepo;
        1:   46-block  0
call    0 returned 1
branch  1 taken 1 (fallthrough)
branch  2 taken 0 (throw)
        1:   47:  Repository userRepo;
        1:   47-block  0
call    0 returned 1
branch  1 taken 1 (fallthrough)
branch  2 taken 0 (throw)
        1:   48:  Service service(adminRepo, userRepo);
        1:   48-block  0
call    0 returned 1
branch  1 taken 1 (fallthrough)
branch  2 taken 0 (throw)
        1:   49:  service.getAdminRepo();
        1:   49-block  0
call    0 returned 1
branch  1 taken 1 (fallthrough)
branch  2 taken 0 (throw)
        5:   50:  service.addServiceAdmin("title", "desc", Date(1, 2, 2025), 1, 1, "link");
        1:   50-block  0
call    0 returned 1
branch  1 taken 1 (fallthrough)
branch  2 taken 0 (throw)
        1:   50-block  1
call    3 returned 1
branch  4 taken 1 (fallthrough)
branch  5 taken 0 (throw)
        1:   50-block  2
call    6 returned 1
branch  7 taken 1 (fallthrough)
branch  8 taken 0 (throw)
        1:   50-block  3
call    9 returned 1
branch 10 taken 1 (fallthrough)
branch 11 taken 0 (throw)
        1:   50-block  4
call   12 returned 1
branch 13 taken 1 (fallthrough)
branch 14 taken 0 (throw)
        1:   50-block  5
call   15 returned 1
        1:   50-block  6
call   16 returned 1
        1:   50-block  7
call   17 returned 1
    $$$$$:   50-block  8
call   18 never executed
    $$$$$:   50-block  9
    $$$$$:   50-block 10
    $$$$$:   50-block 11
call   19 never executed
    $$$$$:   50-block 12
    $$$$$:   50-block 13
    $$$$$:   50-block 14
    $$$$$:   50-block 15
call   20 never executed
    $$$$$:   50-block 16
    $$$$$:   50-block 17
       2*:   51:  assert(!service.updateEventDateAdmin("title", 12, 11, 2024));
        1:   51-block  0
        1:   51-block  1
call    0 returned 1
branch  1 taken 1 (fallthrough)
branch  2 taken 0 (throw)
        1:   51-block  2
call    3 returned 1
branch  4 taken 1 (fallthrough)
branch  5 taken 0 (throw)
        1:   51-block  3
branch  6 taken 0 (fallthrough)
branch  7 taken 1
    %%%%%:   51-block  4
call    8 never executed
        1:   51-block  5
        1:   51-block  6
branch  9 taken 1 (fallthrough)
branch 10 taken 0
        1:   51-block  7
call   11 returned 1
        1:   51-block  8
branch 12 taken 1 (fallthrough)
branch 13 taken 0
    $$$$$:   51-block  9
branch 14 never executed (fallthrough)
branch 15 never executed
    $$$$$:   51-block 10
call   16 never executed
    $$$$$:   51-block 11
    $$$$$:   51-block 12
branch 17 never executed (fallthrough)
branch 18 never executed
    $$$$$:   51-block 13
       2*:   52:  assert(service.updateEventDateAdmin("doesntexist", 1, 2, 2024));
        1:   52-block  0
        1:   52-block  1
call    0 returned 1
branch  1 taken 1 (fallthrough)
branch  2 taken 0 (throw)
        1:   52-block  2
call    3 returned 1
branch  4 taken 1 (fallthrough)
branch  5 taken 0 (throw)
        1:   52-block  3
branch  6 taken 0 (fallthrough)
branch  7 taken 1
    %%%%%:   52-block  4
call    8 never executed
        1:   52-block  5
        1:   52-block  6
branch  9 taken 1 (fallthrough)
branch 10 taken 0
        1:   52-block  7
call   11 returned 1
        1:   52-block  8
branch 12 taken 1 (fallthrough)
branch 13 taken 0
    $$$$$:   52-block  9
branch 14 never executed (fallthrough)
branch 15 never executed
    $$$$$:   52-block 10
call   16 never executed
    $$$$$:   52-block 11
    $$$$$:   52-block 12
branch 17 never executed (fallthrough)
branch 18 never executed
    $$$$$:   52-block 13
        1:   53:}
        1:   53-block  0
call    0 returned 1
call    1 returned 1
    $$$$$:   53-block  1
call    2 never executed
    $$$$$:   53-block  2
call    3 never executed
        -:   54://todo
function _ZN11testService18testAddServiceUserEv called 1 returned 100% blocks executed 51%
        1:   55:void testService::testAddServiceUser(){
        1:   56:  Repository adminRepo;
        1:   56-block  0
call    0 returned 1
branch  1 taken 1 (fallthrough)
branch  2 taken 0 (throw)
        1:   57:  Repository userRepo;
        1:   57-block  0
call    0 returned 1
branch  1 taken 1 (fallthrough)
branch  2 taken 0 (throw)
        1:   58:  Service service(adminRepo, userRepo);
        1:   58-block  0
call    0 returned 1
branch  1 taken 1 (fallthrough)
branch  2 taken 0 (throw)
       6*:   59:  assert(service.addServiceUser(Event("title", "desc", Date(1, 2, 2025), 1, 1, "link")));
        1:   59-block  0
        1:   59-block  1
call    0 returned 1
branch  1 taken 1 (fallthrough)
branch  2 taken 0 (throw)
        1:   59-block  2
call    3 returned 1
branch  4 taken 1 (fallthrough)
branch  5 taken 0 (throw)
        1:   59-block  3
call    6 returned 1
branch  7 taken 1 (fallthrough)
branch  8 taken 0 (throw)
        1:   59-block  4
        1:   59-block  5
call    9 returned 1
branch 10 taken 1 (fallthrough)
branch 11 taken 0 (throw)
        1:   59-block  6
call   12 returned 1
branch 13 taken 1 (fallthrough)
branch 14 taken 0 (throw)
        1:   59-block  7
call   15 returned 1
branch 16 taken 1 (fallthrough)
branch 17 taken 0 (throw)
        1:   59-block  8
branch 18 taken 0 (fallthrough)
branch 19 taken 1
    %%%%%:   59-block  9
call   20 never executed
        1:   59-block 10
        1:   59-block 11
branch 21 taken 1 (fallthrough)
branch 22 taken 0
        1:   59-block 12
call   23 returned 1
        1:   59-block 13
branch 24 taken 1 (fallthrough)
branch 25 taken 0
        1:   59-block 14
call   26 returned 1
        1:   59-block 15
branch 27 taken 1 (fallthrough)
branch 28 taken 0
        1:   59-block 16
branch 29 taken 1 (fallthrough)
branch 30 taken 0
        1:   59-block 17
call   31 returned 1
        1:   59-block 18
branch 32 taken 1 (fallthrough)
branch 33 taken 0
        1:   59-block 19
branch 34 taken 1 (fallthrough)
branch 35 taken 0
        1:   59-block 20
call   36 returned 1
        1:   59-block 21
branch 37 taken 1 (fallthrough)
branch 38 taken 0
    $$$$$:   59-block 22
branch 39 never executed (fallthrough)
branch 40 never executed
    $$$$$:   59-block 23
call   41 never executed
    $$$$$:   59-block 24
    $$$$$:   59-block 25
branch 42 never executed (fallthrough)
branch 43 never executed
    $$$$$:   59-block 26
call   44 never executed
    $$$$$:   59-block 27
    $$$$$:   59-block 28
branch 45 never executed (fallthrough)
branch 46 never executed
    $$$$$:   59-block 29
    $$$$$:   59-block 30
branch 47 never executed (fallthrough)
branch 48 never executed
    $$$$$:   59-block 31
call   49 never executed
    $$$$$:   59-block 32
    $$$$$:   59-block 33
branch 50 never executed (fallthrough)
branch 51 never executed
    $$$$$:   59-block 34
    $$$$$:   59-block 35
    $$$$$:   59-block 36
branch 52 never executed (fallthrough)
branch 53 never executed
    $$$$$:   59-block 37
call   54 never executed
    $$$$$:   59-block 38
    $$$$$:   59-block 39
branch 55 never executed (fallthrough)
branch 56 never executed
    $$$$$:   59-block 40
        -:   60:  // assert(service->addServiceUser(Event("title", "desc", Date(1, 2, 2025), 1, 1, "link")));
        1:   61:}
        1:   61-block  0
call    0 returned 1
call    1 returned 1
    $$$$$:   61-block  1
call    2 never executed
    $$$$$:   61-block  2
call    3 never executed
        -:   62:
function _ZN11testService21testDeleteServiceUserEv called 1 returned 100% blocks executed 49%
        1:   63:void testService::testDeleteServiceUser() {
        1:   64:  Repository adminRepo;
        1:   64-block  0
call    0 returned 1
branch  1 taken 1 (fallthrough)
branch  2 taken 0 (throw)
        1:   65:  Repository userRepo;
        1:   65-block  0
call    0 returned 1
branch  1 taken 1 (fallthrough)
branch  2 taken 0 (throw)
        1:   66:  Service service(adminRepo, userRepo);
        1:   66-block  0
call    0 returned 1
branch  1 taken 1 (fallthrough)
branch  2 taken 0 (throw)
        5:   67:  service.addServiceUser(Event("title", "desc", Date(1, 2, 2025), 1, 1, "link"));
        1:   67-block  0
call    0 returned 1
branch  1 taken 1 (fallthrough)
branch  2 taken 0 (throw)
        1:   67-block  1
call    3 returned 1
branch  4 taken 1 (fallthrough)
branch  5 taken 0 (throw)
        1:   67-block  2
call    6 returned 1
branch  7 taken 1 (fallthrough)
branch  8 taken 0 (throw)
        1:   67-block  3
call    9 returned 1
branch 10 taken 1 (fallthrough)
branch 11 taken 0 (throw)
        1:   67-block  4
call   12 returned 1
branch 13 taken 1 (fallthrough)
branch 14 taken 0 (throw)
        1:   67-block  5
call   15 returned 1
branch 16 taken 1 (fallthrough)
branch 17 taken 0 (throw)
        1:   67-block  6
call   18 returned 1
call   19 returned 1
        1:   67-block  7
call   20 returned 1
        1:   67-block  8
call   21 returned 1
    $$$$$:   67-block  9
call   22 never executed
    $$$$$:   67-block 10
call   23 never executed
    $$$$$:   67-block 11
    $$$$$:   67-block 12
    $$$$$:   67-block 13
call   24 never executed
    $$$$$:   67-block 14
    $$$$$:   67-block 15
    $$$$$:   67-block 16
    $$$$$:   67-block 17
call   25 never executed
    $$$$$:   67-block 18
    $$$$$:   67-block 19
    $$$$$:   67-block 20
       6*:   68:  assert(service.deleteServiceAUser(Event("title", "desc", Date(1, 2, 2025), 1, 1, "link")));
        1:   68-block  0
        1:   68-block  1
call    0 returned 1
branch  1 taken 1 (fallthrough)
branch  2 taken 0 (throw)
        1:   68-block  2
call    3 returned 1
branch  4 taken 1 (fallthrough)
branch  5 taken 0 (throw)
        1:   68-block  3
call    6 returned 1
branch  7 taken 1 (fallthrough)
branch  8 taken 0 (throw)
        1:   68-block  4
        1:   68-block  5
call    9 returned 1
branch 10 taken 1 (fallthrough)
branch 11 taken 0 (throw)
        1:   68-block  6
call   12 returned 1
branch 13 taken 1 (fallthrough)
branch 14 taken 0 (throw)
        1:   68-block  7
call   15 returned 1
branch 16 taken 1 (fallthrough)
branch 17 taken 0 (throw)
        1:   68-block  8
branch 18 taken 0 (fallthrough)
branch 19 taken 1
    %%%%%:   68-block  9
call   20 never executed
        1:   68-block 10
        1:   68-block 11
branch 21 taken 1 (fallthrough)
branch 22 taken 0
        1:   68-block 12
call   23 returned 1
        1:   68-block 13
branch 24 taken 1 (fallthrough)
branch 25 taken 0
        1:   68-block 14
call   26 returned 1
        1:   68-block 15
branch 27 taken 1 (fallthrough)
branch 28 taken 0
        1:   68-block 16
branch 29 taken 1 (fallthrough)
branch 30 taken 0
        1:   68-block 17
call   31 returned 1
        1:   68-block 18
branch 32 taken 1 (fallthrough)
branch 33 taken 0
        1:   68-block 19
branch 34 taken 1 (fallthrough)
branch 35 taken 0
        1:   68-block 20
call   36 returned 1
        1:   68-block 21
branch 37 taken 1 (fallthrough)
branch 38 taken 0
    $$$$$:   68-block 22
branch 39 never executed (fallthrough)
branch 40 never executed
    $$$$$:   68-block 23
call   41 never executed
    $$$$$:   68-block 24
    $$$$$:   68-block 25
branch 42 never executed (fallthrough)
branch 43 never executed
    $$$$$:   68-block 26
call   44 never executed
    $$$$$:   68-block 27
    $$$$$:   68-block 28
branch 45 never executed (fallthrough)
branch 46 never executed
    $$$$$:   68-block 29
    $$$$$:   68-block 30
branch 47 never executed (fallthrough)
branch 48 never executed
    $$$$$:   68-block 31
call   49 never executed
    $$$$$:   68-block 32
    $$$$$:   68-block 33
branch 50 never executed (fallthrough)
branch 51 never executed
    $$$$$:   68-block 34
    $$$$$:   68-block 35
    $$$$$:   68-block 36
branch 52 never executed (fallthrough)
branch 53 never executed
    $$$$$:   68-block 37
call   54 never executed
    $$$$$:   68-block 38
    $$$$$:   68-block 39
branch 55 never executed (fallthrough)
branch 56 never executed
    $$$$$:   68-block 40
       6*:   69:  assert(service.deleteServiceAUser(Event("name", "desc", Date(1, 2, 2025), 1, 1, "link"))==1);
        1:   69-block  0
        1:   69-block  1
call    0 returned 1
branch  1 taken 1 (fallthrough)
branch  2 taken 0 (throw)
        1:   69-block  2
call    3 returned 1
branch  4 taken 1 (fallthrough)
branch  5 taken 0 (throw)
        1:   69-block  3
call    6 returned 1
branch  7 taken 1 (fallthrough)
branch  8 taken 0 (throw)
        1:   69-block  4
        1:   69-block  5
call    9 returned 1
branch 10 taken 1 (fallthrough)
branch 11 taken 0 (throw)
        1:   69-block  6
call   12 returned 1
branch 13 taken 1 (fallthrough)
branch 14 taken 0 (throw)
        1:   69-block  7
call   15 returned 1
branch 16 taken 1 (fallthrough)
branch 17 taken 0 (throw)
        1:   69-block  8
branch 18 taken 0 (fallthrough)
branch 19 taken 1
    %%%%%:   69-block  9
call   20 never executed
        1:   69-block 10
        1:   69-block 11
branch 21 taken 1 (fallthrough)
branch 22 taken 0
        1:   69-block 12
call   23 returned 1
        1:   69-block 13
branch 24 taken 1 (fallthrough)
branch 25 taken 0
        1:   69-block 14
call   26 returned 1
        1:   69-block 15
branch 27 taken 1 (fallthrough)
branch 28 taken 0
        1:   69-block 16
branch 29 taken 1 (fallthrough)
branch 30 taken 0
        1:   69-block 17
call   31 returned 1
        1:   69-block 18
branch 32 taken 1 (fallthrough)
branch 33 taken 0
        1:   69-block 19
branch 34 taken 1 (fallthrough)
branch 35 taken 0
        1:   69-block 20
call   36 returned 1
        1:   69-block 21
branch 37 taken 1 (fallthrough)
branch 38 taken 0
    $$$$$:   69-block 22
branch 39 never executed (fallthrough)
branch 40 never executed
    $$$$$:   69-block 23
call   41 never executed
    $$$$$:   69-block 24
    $$$$$:   69-block 25
branch 42 never executed (fallthrough)
branch 43 never executed
    $$$$$:   69-block 26
call   44 never executed
    $$$$$:   69-block 27
    $$$$$:   69-block 28
branch 45 never executed (fallthrough)
branch 46 never executed
    $$$$$:   69-block 29
    $$$$$:   69-block 30
branch 47 never executed (fallthrough)
branch 48 never executed
    $$$$$:   69-block 31
call   49 never executed
    $$$$$:   69-block 32
    $$$$$:   69-block 33
branch 50 never executed (fallthrough)
branch 51 never executed
    $$$$$:   69-block 34
    $$$$$:   69-block 35
    $$$$$:   69-block 36
branch 52 never executed (fallthrough)
branch 53 never executed
    $$$$$:   69-block 37
call   54 never executed
    $$$$$:   69-block 38
    $$$$$:   69-block 39
branch 55 never executed (fallthrough)
branch 56 never executed
    $$$$$:   69-block 40
        1:   70:}
        1:   70-block  0
call    0 returned 1
call    1 returned 1
    $$$$$:   70-block  1
call    2 never executed
    $$$$$:   70-block  2
call    3 never executed
        -:   71:
function _ZN11testService15testGetSizeUserEv called 1 returned 100% blocks executed 52%
        1:   72:void testService::testGetSizeUser() {
        1:   73:  Repository adminRepo;
        1:   73-block  0
call    0 returned 1
branch  1 taken 1 (fallthrough)
branch  2 taken 0 (throw)
        1:   74:  Repository userRepo;
        1:   74-block  0
call    0 returned 1
branch  1 taken 1 (fallthrough)
branch  2 taken 0 (throw)
        1:   75:  Service service(adminRepo, userRepo);
        1:   75-block  0
call    0 returned 1
branch  1 taken 1 (fallthrough)
branch  2 taken 0 (throw)
        5:   76:  service.addServiceUser(Event("title", "desc", Date(1, 2, 2025), 1, 1, "link"));
        1:   76-block  0
call    0 returned 1
branch  1 taken 1 (fallthrough)
branch  2 taken 0 (throw)
        1:   76-block  1
call    3 returned 1
branch  4 taken 1 (fallthrough)
branch  5 taken 0 (throw)
        1:   76-block  2
call    6 returned 1
branch  7 taken 1 (fallthrough)
branch  8 taken 0 (throw)
        1:   76-block  3
call    9 returned 1
branch 10 taken 1 (fallthrough)
branch 11 taken 0 (throw)
        1:   76-block  4
call   12 returned 1
branch 13 taken 1 (fallthrough)
branch 14 taken 0 (throw)
        1:   76-block  5
call   15 returned 1
branch 16 taken 1 (fallthrough)
branch 17 taken 0 (throw)
        1:   76-block  6
call   18 returned 1
call   19 returned 1
        1:   76-block  7
call   20 returned 1
        1:   76-block  8
call   21 returned 1
    $$$$$:   76-block  9
call   22 never executed
    $$$$$:   76-block 10
call   23 never executed
    $$$$$:   76-block 11
    $$$$$:   76-block 12
    $$$$$:   76-block 13
call   24 never executed
    $$$$$:   76-block 14
    $$$$$:   76-block 15
    $$$$$:   76-block 16
    $$$$$:   76-block 17
call   25 never executed
    $$$$$:   76-block 18
    $$$$$:   76-block 19
    $$$$$:   76-block 20
       1*:   77:  assert(service.getSizeUser() == 1);
        1:   77-block  0
call    0 returned 1
branch  1 taken 1 (fallthrough)
branch  2 taken 0 (throw)
        1:   77-block  1
branch  3 taken 0 (fallthrough)
branch  4 taken 1
    %%%%%:   77-block  2
call    5 never executed
        1:   77-block  3
        1:   78:}
        1:   78-block  0
call    0 returned 1
call    1 returned 1
    $$$$$:   78-block  1
call    2 never executed
    $$$$$:   78-block  2
call    3 never executed
        -:   79:
function _ZN11testService16testGetSizeAdminEv called 1 returned 100% blocks executed 69%
        1:   80:void testService::testGetSizeAdmin(){
        1:   81:  Repository adminRepo;
        1:   81-block  0
call    0 returned 1
branch  1 taken 1 (fallthrough)
branch  2 taken 0 (throw)
        1:   82:  Repository userRepo;
        1:   82-block  0
call    0 returned 1
branch  1 taken 1 (fallthrough)
branch  2 taken 0 (throw)
        1:   83:  Service service(adminRepo, userRepo);
        1:   83-block  0
call    0 returned 1
branch  1 taken 1 (fallthrough)
branch  2 taken 0 (throw)
        1:   84:  adminRepo.initRepo();
        1:   84-block  0
call    0 returned 1
branch  1 taken 1 (fallthrough)
branch  2 taken 0 (throw)
       1*:   85:  assert(service.getSizeAdmin() == 5);
        1:   85-block  0
call    0 returned 1
branch  1 taken 1 (fallthrough)
branch  2 taken 0 (throw)
        1:   85-block  1
branch  3 taken 0 (fallthrough)
branch  4 taken 1
    %%%%%:   85-block  2
call    5 never executed
        1:   85-block  3
        1:   86:}
        1:   86-block  0
call    0 returned 1
call    1 returned 1
    $$$$$:   86-block  1
call    2 never executed
    $$$$$:   86-block  2
call    3 never executed
function _ZN11testService14testAllServiceEv called 1 returned 100% blocks executed 100%
        1:   87:void testService::testAllService(){
        1:   88:  testAddServiceAdmin();
        1:   88-block  0
call    0 returned 1
        1:   89:  testDeleteServiceAdmin();
call    0 returned 1
        1:   90:  testUpdateEventStringAdmin();
call    0 returned 1
        1:   91:  testUpdateEventIntAdmin();
call    0 returned 1
        1:   92:  testUpdateEventDateAdmin();
call    0 returned 1
        1:   93:  testGetSizeAdmin();
call    0 returned 1
        -:   94:
        1:   95:  testAddServiceUser();
call    0 returned 1
        1:   96:  testDeleteServiceUser();
call    0 returned 1
        1:   97:  testGetSizeUser();
call    0 returned 1
        -:   98:
        1:   99:}
