        -:    0:Source:F:/c projects uni/assignment_6_7/Validator/Validator.cpp
        -:    0:Graph:F:\c projects uni\assignment_6_7\cmake-build-debug-coverage\CMakeFiles\assignment_6_7.dir\Validator\Validator.cpp.gcno
        -:    0:Data:F:\c projects uni\assignment_6_7\cmake-build-debug-coverage\CMakeFiles\assignment_6_7.dir\Validator\Validator.cpp.gcda
        -:    0:Runs:1
        -:    1:
        -:    2:#include "Validator.h"
        -:    3:#include <iostream>
        -:    4://#include <windows.h>
        -:    5://#include <shellapi.h>
        -:    6:
function _ZN9Validator12validateDateEiii called 4 returned 100% blocks executed 100%
        4:    7:bool Validator::validateDate(int day, int month, int year) {
        4:    8:    if(day > 31 || month > 12 || month < 1 || day < 1 || month<1 || year<2024 || year>2025) {
        4:    8-block  0
branch  0 taken 4 (fallthrough)
branch  1 taken 0
        4:    8-block  1
branch  2 taken 3 (fallthrough)
branch  3 taken 1
        3:    8-block  2
branch  4 taken 3 (fallthrough)
branch  5 taken 0
        3:    8-block  3
branch  6 taken 2 (fallthrough)
branch  7 taken 1
        2:    8-block  4
branch  8 taken 2 (fallthrough)
branch  9 taken 0
        2:    8-block  5
branch 10 taken 1 (fallthrough)
branch 11 taken 1
        1:    8-block  6
branch 12 taken 0 (fallthrough)
branch 13 taken 1
        3:    9:      return false;
        3:    9-block  0
        -:   10:    }
        1:   11:    return true;
        1:   11-block  0
        -:   12:}
function _ZN9Validator12validateTimeEi called 2 returned 100% blocks executed 100%
        2:   13:bool Validator::validateTime(int time) {
        2:   14:   if(time > 24 || time < 0)
        2:   14-block  0
branch  0 taken 1 (fallthrough)
branch  1 taken 1
        1:   14-block  1
branch  2 taken 0 (fallthrough)
branch  3 taken 1
        1:   15:     return false;
        1:   15-block  0
        1:   16:   return true;
        1:   16-block  0
        -:   17:}
function _ZN9Validator18validateAttendanceEi called 2 returned 100% blocks executed 100%
        2:   18:bool Validator::validateAttendance(int attendance) {
        2:   19:  if(attendance >= 0)
        2:   19-block  0
branch  0 taken 1 (fallthrough)
branch  1 taken 1
        1:   20:    return true;
        1:   20-block  0
        1:   21:  return false;
        1:   21-block  0
        -:   22:}
        -:   23://void OpenWebsite (const char * cpURL)
        -:   24://{
        -:   25://  ShellExecute (NULL, "open", cpURL, NULL, NULL, SW_SHOWNORMAL);
        -:   26://}
        -:   27://bool Validator::validateLink(string link) {
        -:   28://    try{
        -:   29://      OpenWebsite(link.c_str());
        -:   30://      throw(true);
        -:   31://    }
        -:   32://    catch(...){
        -:   33://      return false;
        -:   34://    }
        -:   35://}
        -:   36:
