        -:    0:Source:F:/c projects uni/assignment 4-5/Repository/Repository.cpp
        -:    0:Graph:F:\c projects uni\assignment 4-5\cmake-build-debug-coverage\CMakeFiles\assignment_4_5.dir\Repository\Repository.cpp.gcno
        -:    0:Data:F:\c projects uni\assignment 4-5\cmake-build-debug-coverage\CMakeFiles\assignment_4_5.dir\Repository\Repository.cpp.gcda
        -:    0:Runs:1
        -:    1:#include "Repository.h"
        -:    2:#include "Repository.h"
        -:    3:#include <string>
        -:    4:using namespace std;
        -:    5:
        -:    6:// void::initRepo() {
        -:    7://
        -:    8:// }
function _ZN10RepositoryC2EP12DynamicArrayI5EventE called 33 returned 100% blocks executed 100%
       33:    9:Repository::Repository(DynamicArray<Event>* dynamic_array) {
       33:   10:    this->events = dynamic_array;
       33:   11:}
        -:   12:
function _ZN10Repository15getDynamicArrayEv called 5 returned 100% blocks executed 100%
        5:   13:DynamicArray<Event>*Repository::getDynamicArray() {
        5:   14:    return this->events;
        5:   14-block  0
        -:   15:}
        -:   16:
function _ZN10Repository7getSizeEv called 3 returned 100% blocks executed 100%
        3:   17:int Repository::getSize() {
        3:   18:    return this->events->GetSize();
        3:   18-block  0
call    0 returned 3
        -:   19:}
        -:   20:
function _ZN10Repository8initRepoEv called 6 returned 100% blocks executed 48%
        6:   21:void Repository::initRepo() {
        6:   21-block  0
       36:   22:    addRepo("HumanBody", "Biology", Date(1, 2, 2025), 12, 100, "https://en.wikipedia.org/wiki/Organ_%28biology%29");
        6:   22-block  0
call    0 returned 6
branch  1 taken 6 (fallthrough)
branch  2 taken 0 (throw)
        6:   22-block  1
call    3 returned 6
branch  4 taken 6 (fallthrough)
branch  5 taken 0 (throw)
        6:   22-block  2
call    6 returned 6
branch  7 taken 6 (fallthrough)
branch  8 taken 0 (throw)
        6:   22-block  3
call    9 returned 6
branch 10 taken 6 (fallthrough)
branch 11 taken 0 (throw)
        6:   22-block  4
call   12 returned 6
branch 13 taken 6 (fallthrough)
branch 14 taken 0 (throw)
        6:   22-block  5
call   15 returned 6
        6:   22-block  6
call   16 returned 6
        6:   22-block  7
call   17 returned 6
        6:   22-block  8
    $$$$$:   22-block  9
call   18 never executed
    $$$$$:   22-block 10
    $$$$$:   22-block 11
    $$$$$:   22-block 12
call   19 never executed
    $$$$$:   22-block 13
    $$$$$:   22-block 14
    $$$$$:   22-block 15
    $$$$$:   22-block 16
call   20 never executed
    $$$$$:   22-block 17
    $$$$$:   22-block 18
call   21 never executed
       36:   23:    addRepo("IT:Websites", "Informatics", Date(23, 12, 2025), 16, 200, "https://www.wix.com/website/design");
        6:   23-block  0
call    0 returned 6
branch  1 taken 6 (fallthrough)
branch  2 taken 0 (throw)
        6:   23-block  1
call    3 returned 6
branch  4 taken 6 (fallthrough)
branch  5 taken 0 (throw)
        6:   23-block  2
call    6 returned 6
branch  7 taken 6 (fallthrough)
branch  8 taken 0 (throw)
        6:   23-block  3
call    9 returned 6
branch 10 taken 6 (fallthrough)
branch 11 taken 0 (throw)
        6:   23-block  4
call   12 returned 6
branch 13 taken 6 (fallthrough)
branch 14 taken 0 (throw)
        6:   23-block  5
call   15 returned 6
        6:   23-block  6
call   16 returned 6
        6:   23-block  7
call   17 returned 6
        6:   23-block  8
    $$$$$:   23-block  9
call   18 never executed
    $$$$$:   23-block 10
    $$$$$:   23-block 11
    $$$$$:   23-block 12
call   19 never executed
    $$$$$:   23-block 13
    $$$$$:   23-block 14
    $$$$$:   23-block 15
    $$$$$:   23-block 16
call   20 never executed
    $$$$$:   23-block 17
    $$$$$:   23-block 18
call   21 never executed
       36:   24:    addRepo("RealNumbers", "Mathematics", Date(30, 4, 2025), 10, 70, "www.cuemath.com/numbers/real-numbers/#:~:text=What%20are%20Real%20Numbers%20in,so%20on%20are%20real%20numbers.");
        6:   24-block  0
call    0 returned 6
branch  1 taken 6 (fallthrough)
branch  2 taken 0 (throw)
        6:   24-block  1
call    3 returned 6
branch  4 taken 6 (fallthrough)
branch  5 taken 0 (throw)
        6:   24-block  2
call    6 returned 6
branch  7 taken 6 (fallthrough)
branch  8 taken 0 (throw)
        6:   24-block  3
call    9 returned 6
branch 10 taken 6 (fallthrough)
branch 11 taken 0 (throw)
        6:   24-block  4
call   12 returned 6
branch 13 taken 6 (fallthrough)
branch 14 taken 0 (throw)
        6:   24-block  5
call   15 returned 6
        6:   24-block  6
call   16 returned 6
        6:   24-block  7
call   17 returned 6
        6:   24-block  8
    $$$$$:   24-block  9
call   18 never executed
    $$$$$:   24-block 10
    $$$$$:   24-block 11
    $$$$$:   24-block 12
call   19 never executed
    $$$$$:   24-block 13
    $$$$$:   24-block 14
    $$$$$:   24-block 15
    $$$$$:   24-block 16
call   20 never executed
    $$$$$:   24-block 17
    $$$$$:   24-block 18
call   21 never executed
       36:   25:    addRepo("DrawingFundamentals", "Arts", Date(18, 4, 2025), 20, 130, "https://juliabausenhardt.com/how-to-draw-anything-learn-sketching-for-beginners/");
        6:   25-block  0
call    0 returned 6
branch  1 taken 6 (fallthrough)
branch  2 taken 0 (throw)
        6:   25-block  1
call    3 returned 6
branch  4 taken 6 (fallthrough)
branch  5 taken 0 (throw)
        6:   25-block  2
call    6 returned 6
branch  7 taken 6 (fallthrough)
branch  8 taken 0 (throw)
        6:   25-block  3
call    9 returned 6
branch 10 taken 6 (fallthrough)
branch 11 taken 0 (throw)
        6:   25-block  4
call   12 returned 6
branch 13 taken 6 (fallthrough)
branch 14 taken 0 (throw)
        6:   25-block  5
call   15 returned 6
        6:   25-block  6
call   16 returned 6
        6:   25-block  7
call   17 returned 6
        6:   25-block  8
    $$$$$:   25-block  9
call   18 never executed
    $$$$$:   25-block 10
    $$$$$:   25-block 11
    $$$$$:   25-block 12
call   19 never executed
    $$$$$:   25-block 13
    $$$$$:   25-block 14
    $$$$$:   25-block 15
    $$$$$:   25-block 16
call   20 never executed
    $$$$$:   25-block 17
    $$$$$:   25-block 18
call   21 never executed
       30:   26:    addRepo("PsychologicalNeeds", "Psychology", Date(21, 4, 2025), 13, 80, "https://www.ljmu.ac.uk/microsites/promoting-healthy-weight-in-pre-school-children/modules/communicating-with-parents/universal-psychological-needs#:~:text=According%20to%20SDT%20there%20are,hunger%2C%20thirst%2C%20sleep).");
        6:   26-block  0
call    0 returned 6
branch  1 taken 6 (fallthrough)
branch  2 taken 0 (throw)
        6:   26-block  1
call    3 returned 6
branch  4 taken 6 (fallthrough)
branch  5 taken 0 (throw)
        6:   26-block  2
call    6 returned 6
branch  7 taken 6 (fallthrough)
branch  8 taken 0 (throw)
        6:   26-block  3
call    9 returned 6
branch 10 taken 6 (fallthrough)
branch 11 taken 0 (throw)
        6:   26-block  4
call   12 returned 6
branch 13 taken 6 (fallthrough)
branch 14 taken 0 (throw)
        6:   26-block  5
call   15 returned 6
        6:   26-block  6
call   16 returned 6
        6:   26-block  7
call   17 returned 6
    $$$$$:   26-block  8
call   18 never executed
    $$$$$:   26-block  9
    $$$$$:   26-block 10
    $$$$$:   26-block 11
call   19 never executed
    $$$$$:   26-block 12
    $$$$$:   26-block 13
    $$$$$:   26-block 14
    $$$$$:   26-block 15
call   20 never executed
    $$$$$:   26-block 16
        6:   27:}
        6:   27-block  0
        -:   28:
function _ZN10Repository7addRepoENSt7__cxx1112basic_stringIcSt11char_traitsIcESaIcEEES5_4DateiiS5_ called 43 returned 100% blocks executed 55%
       43:   29:int Repository::addRepo(string title, string description, Date date, int time, int attandance, string link) {
        -:   30:    int pos;
       43:   31:    pos = checkExistance(title);
       43:   31-block  0
call    0 returned 43
branch  1 taken 43 (fallthrough)
branch  2 taken 0 (throw)
       43:   31-block  1
call    3 returned 43
branch  4 taken 43 (fallthrough)
branch  5 taken 0 (throw)
       43:   31-block  2
call    6 returned 43
    $$$$$:   31-block  3
call    7 never executed
    $$$$$:   31-block  4
call    8 never executed
       43:   32:    if(pos == -1) {
branch  0 taken 42 (fallthrough)
branch  1 taken 1
       42:   33:        Event e(title, description, date, time, attandance, link);
       42:   33-block  0
call    0 returned 42
branch  1 taken 42 (fallthrough)
branch  2 taken 0 (throw)
       42:   33-block  1
call    3 returned 42
branch  4 taken 42 (fallthrough)
branch  5 taken 0 (throw)
       42:   33-block  2
call    6 returned 42
branch  7 taken 42 (fallthrough)
branch  8 taken 0 (throw)
       42:   33-block  3
call    9 returned 42
branch 10 taken 42 (fallthrough)
branch 11 taken 0 (throw)
       42:   33-block  4
call   12 returned 42
call   13 returned 42
call   14 returned 42
    $$$$$:   33-block  5
call   15 never executed
    $$$$$:   33-block  6
    $$$$$:   33-block  7
call   16 never executed
    $$$$$:   33-block  8
    $$$$$:   33-block  9
call   17 never executed
    $$$$$:   33-block 10
       42:   34:        this->events->Add(e);
call    0 returned 42
branch  1 taken 42 (fallthrough)
branch  2 taken 0 (throw)
       42:   35:        return 0;
       42:   36:    }
       42:   36-block  0
call    0 returned 42
    $$$$$:   36-block  1
call    1 never executed
        1:   37:    return 1;
        1:   37-block  0
        -:   38:}
        -:   39:
function _ZN10Repository14checkExistanceENSt7__cxx1112basic_stringIcSt11char_traitsIcESaIcEEE called 83 returned 100% blocks executed 100%
       83:   40:int Repository::checkExistance(string title) {
      151:   41:    for (int i = 0; i < this->events->GetSize(); i++) {
       83:   41-block  0
       68:   41-block  1
      151:   41-block  2
call    0 returned 151
branch  1 taken 85
branch  2 taken 66 (fallthrough)
       85:   42:        if ((*this->events)[i].getTitle() == title) {
       85:   42-block  0
call    0 returned 85
call    1 returned 85
branch  2 taken 85 (fallthrough)
branch  3 taken 0 (throw)
       85:   42-block  1
call    4 returned 85
call    5 returned 85
branch  6 taken 17 (fallthrough)
branch  7 taken 68
       17:   43:            return i;
       17:   43-block  0
        -:   44:        }
        -:   45:    }
       66:   46:    return -1;
       66:   46-block  0
        -:   47:}
        -:   48:
function _ZN10Repository11deleteEventENSt7__cxx1112basic_stringIcSt11char_traitsIcESaIcEEE called 7 returned 100% blocks executed 82%
        7:   49:int Repository::deleteEvent(string title) {
        7:   50:    int pos = checkExistance(title);
        7:   50-block  0
call    0 returned 7
branch  1 taken 7 (fallthrough)
branch  2 taken 0 (throw)
        7:   50-block  1
call    3 returned 7
branch  4 taken 7 (fallthrough)
branch  5 taken 0 (throw)
        7:   50-block  2
call    6 returned 7
    $$$$$:   50-block  3
call    7 never executed
        7:   51:    if(pos != -1) {
branch  0 taken 3 (fallthrough)
branch  1 taken 4
        3:   52:        this->events->Delete(pos);
        3:   52-block  0
call    0 returned 3
        3:   53:        return 0;
        -:   54:    }
        -:   55:    else
        4:   56:        return 1;
        4:   56-block  0
        -:   57:}
        -:   58:
function _ZN10Repository17updateEventStringENSt7__cxx1112basic_stringIcSt11char_traitsIcESaIcEEES5_i called 11 returned 100% blocks executed 60%
       11:   59:int Repository::updateEventString(string title, string newText, int command) {
       11:   60:    int pos = checkExistance(title);
       11:   60-block  0
call    0 returned 11
branch  1 taken 11 (fallthrough)
branch  2 taken 0 (throw)
       11:   60-block  1
call    3 returned 11
branch  4 taken 11 (fallthrough)
branch  5 taken 0 (throw)
       11:   60-block  2
call    6 returned 11
    $$$$$:   60-block  3
call    7 never executed
    $$$$$:   60-block  4
call    8 never executed
       11:   61:    if(pos != -1) {
branch  0 taken 6 (fallthrough)
branch  1 taken 5
        6:   62:        if (command == 1) {
        6:   62-block  0
branch  0 taken 2 (fallthrough)
branch  1 taken 4
        2:   63:            string description = (*this->events)[pos].getDescription();
        2:   63-block  0
call    0 returned 2
call    1 returned 2
branch  2 taken 2 (fallthrough)
branch  3 taken 0 (throw)
        2:   64:            Date date = (*this->events)[pos].getDate();
        2:   64-block  0
call    0 returned 2
call    1 returned 2
branch  2 taken 2 (fallthrough)
branch  3 taken 0 (throw)
        2:   65:            int time = (*this->events)[pos].getTime();
        2:   65-block  0
call    0 returned 2
call    1 returned 2
branch  2 taken 2 (fallthrough)
branch  3 taken 0 (throw)
        2:   66:            int attandance = (*this->events)[pos].getAttendance();
        2:   66-block  0
call    0 returned 2
call    1 returned 2
branch  2 taken 2 (fallthrough)
branch  3 taken 0 (throw)
        2:   67:            string link = (*this->events)[pos].getLink();
        2:   67-block  0
call    0 returned 2
call    1 returned 2
branch  2 taken 2 (fallthrough)
branch  3 taken 0 (throw)
        2:   68:            Event e(newText, description, date, time, attandance,link);
        2:   68-block  0
call    0 returned 2
branch  1 taken 2 (fallthrough)
branch  2 taken 0 (throw)
        2:   68-block  1
call    3 returned 2
branch  4 taken 2 (fallthrough)
branch  5 taken 0 (throw)
        2:   68-block  2
call    6 returned 2
branch  7 taken 2 (fallthrough)
branch  8 taken 0 (throw)
        2:   68-block  3
call    9 returned 2
branch 10 taken 2 (fallthrough)
branch 11 taken 0 (throw)
        2:   68-block  4
call   12 returned 2
call   13 returned 2
call   14 returned 2
    $$$$$:   68-block  5
call   15 never executed
    $$$$$:   68-block  6
    $$$$$:   68-block  7
call   16 never executed
    $$$$$:   68-block  8
    $$$$$:   68-block  9
call   17 never executed
    $$$$$:   68-block 10
        2:   69:            this->events->Update(e, pos);
call    0 returned 2
branch  1 taken 2 (fallthrough)
branch  2 taken 0 (throw)
        2:   70:            return 0;
        2:   71:        }
        2:   71-block  0
call    0 returned 2
call    1 returned 2
call    2 returned 2
    $$$$$:   71-block  1
call    3 never executed
    $$$$$:   71-block  2
call    4 never executed
    $$$$$:   71-block  3
call    5 never executed
        4:   72:        if (command == 2) {
        4:   72-block  0
branch  0 taken 2 (fallthrough)
branch  1 taken 2
        2:   73:            Date date = (*this->events)[pos].getDate();
        2:   73-block  0
call    0 returned 2
call    1 returned 2
branch  2 taken 2 (fallthrough)
branch  3 taken 0 (throw)
        2:   74:            int time = (*this->events)[pos].getTime();
        2:   74-block  0
call    0 returned 2
call    1 returned 2
branch  2 taken 2 (fallthrough)
branch  3 taken 0 (throw)
        2:   75:            int attandance = (*this->events)[pos].getAttendance();
        2:   75-block  0
call    0 returned 2
call    1 returned 2
branch  2 taken 2 (fallthrough)
branch  3 taken 0 (throw)
        2:   76:            string link = (*this->events)[pos].getLink();
        2:   76-block  0
call    0 returned 2
call    1 returned 2
branch  2 taken 2 (fallthrough)
branch  3 taken 0 (throw)
        2:   77:            Event e(title, newText, date, time, attandance, link);
        2:   77-block  0
call    0 returned 2
branch  1 taken 2 (fallthrough)
branch  2 taken 0 (throw)
        2:   77-block  1
call    3 returned 2
branch  4 taken 2 (fallthrough)
branch  5 taken 0 (throw)
        2:   77-block  2
call    6 returned 2
branch  7 taken 2 (fallthrough)
branch  8 taken 0 (throw)
        2:   77-block  3
call    9 returned 2
branch 10 taken 2 (fallthrough)
branch 11 taken 0 (throw)
        2:   77-block  4
call   12 returned 2
call   13 returned 2
call   14 returned 2
    $$$$$:   77-block  5
call   15 never executed
    $$$$$:   77-block  6
    $$$$$:   77-block  7
call   16 never executed
    $$$$$:   77-block  8
    $$$$$:   77-block  9
call   17 never executed
    $$$$$:   77-block 10
        2:   78:            this->events->Update(e, pos);
call    0 returned 2
branch  1 taken 2 (fallthrough)
branch  2 taken 0 (throw)
        2:   79:            return 0;
        2:   80:        }
        2:   80-block  0
call    0 returned 2
call    1 returned 2
    $$$$$:   80-block  1
call    2 never executed
    $$$$$:   80-block  2
call    3 never executed
        -:   81:
        2:   82:        if (command == 6) {
        2:   82-block  0
branch  0 taken 2 (fallthrough)
branch  1 taken 0
        2:   83:            string description = (*this->events)[pos].getDescription();
        2:   83-block  0
call    0 returned 2
call    1 returned 2
branch  2 taken 2 (fallthrough)
branch  3 taken 0 (throw)
        2:   84:            Date date = (*this->events)[pos].getDate();
        2:   84-block  0
call    0 returned 2
call    1 returned 2
branch  2 taken 2 (fallthrough)
branch  3 taken 0 (throw)
        2:   85:            int time = (*this->events)[pos].getTime();
        2:   85-block  0
call    0 returned 2
call    1 returned 2
branch  2 taken 2 (fallthrough)
branch  3 taken 0 (throw)
        2:   86:            int attandance = (*this->events)[pos].getAttendance();
        2:   86-block  0
call    0 returned 2
call    1 returned 2
branch  2 taken 2 (fallthrough)
branch  3 taken 0 (throw)
        2:   87:            Event e(title, description, date, time, attandance,newText);
        2:   87-block  0
call    0 returned 2
branch  1 taken 2 (fallthrough)
branch  2 taken 0 (throw)
        2:   87-block  1
call    3 returned 2
branch  4 taken 2 (fallthrough)
branch  5 taken 0 (throw)
        2:   87-block  2
call    6 returned 2
branch  7 taken 2 (fallthrough)
branch  8 taken 0 (throw)
        2:   87-block  3
call    9 returned 2
branch 10 taken 2 (fallthrough)
branch 11 taken 0 (throw)
        2:   87-block  4
call   12 returned 2
call   13 returned 2
call   14 returned 2
    $$$$$:   87-block  5
call   15 never executed
    $$$$$:   87-block  6
    $$$$$:   87-block  7
call   16 never executed
    $$$$$:   87-block  8
    $$$$$:   87-block  9
call   17 never executed
    $$$$$:   87-block 10
        2:   88:            this->events->Update(e, pos);
call    0 returned 2
branch  1 taken 2 (fallthrough)
branch  2 taken 0 (throw)
        2:   89:            return 0;
        2:   90:        }
        2:   90-block  0
call    0 returned 2
call    1 returned 2
    $$$$$:   90-block  1
call    2 never executed
    $$$$$:   90-block  2
call    3 never executed
        -:   91:
        -:   92:    }
        5:   93:    return 1;
        5:   93-block  0
        -:   94:}
        -:   95:
function _ZN10Repository14updateEventIntENSt7__cxx1112basic_stringIcSt11char_traitsIcESaIcEEEii called 13 returned 100% blocks executed 59%
       13:   96:int Repository::updateEventInt(string title, int newInt, int command) {
       13:   97:    int pos = checkExistance(title);
       13:   97-block  0
call    0 returned 13
branch  1 taken 13 (fallthrough)
branch  2 taken 0 (throw)
       13:   97-block  1
call    3 returned 13
branch  4 taken 13 (fallthrough)
branch  5 taken 0 (throw)
       13:   97-block  2
call    6 returned 13
    $$$$$:   97-block  3
call    7 never executed
    $$$$$:   97-block  4
call    8 never executed
       13:   98:    if(pos != -1) {
branch  0 taken 4 (fallthrough)
branch  1 taken 9
        4:   99:        if (command == 4) {
        4:   99-block  0
branch  0 taken 2 (fallthrough)
branch  1 taken 2
        2:  100:            string description = (*this->events)[pos].getDescription();
        2:  100-block  0
call    0 returned 2
call    1 returned 2
branch  2 taken 2 (fallthrough)
branch  3 taken 0 (throw)
        2:  101:            Date date = (*this->events)[pos].getDate();
        2:  101-block  0
call    0 returned 2
call    1 returned 2
branch  2 taken 2 (fallthrough)
branch  3 taken 0 (throw)
        2:  102:            int attandance = (*this->events)[pos].getAttendance();
        2:  102-block  0
call    0 returned 2
call    1 returned 2
branch  2 taken 2 (fallthrough)
branch  3 taken 0 (throw)
        2:  103:            string link = (*this->events)[pos].getLink();
        2:  103-block  0
call    0 returned 2
call    1 returned 2
branch  2 taken 2 (fallthrough)
branch  3 taken 0 (throw)
        2:  104:            Event e(title, description, date, newInt, attandance, link);
        2:  104-block  0
call    0 returned 2
branch  1 taken 2 (fallthrough)
branch  2 taken 0 (throw)
        2:  104-block  1
call    3 returned 2
branch  4 taken 2 (fallthrough)
branch  5 taken 0 (throw)
        2:  104-block  2
call    6 returned 2
branch  7 taken 2 (fallthrough)
branch  8 taken 0 (throw)
        2:  104-block  3
call    9 returned 2
branch 10 taken 2 (fallthrough)
branch 11 taken 0 (throw)
        2:  104-block  4
call   12 returned 2
call   13 returned 2
call   14 returned 2
    $$$$$:  104-block  5
call   15 never executed
    $$$$$:  104-block  6
    $$$$$:  104-block  7
call   16 never executed
    $$$$$:  104-block  8
    $$$$$:  104-block  9
call   17 never executed
    $$$$$:  104-block 10
        2:  105:            this->events->Update(e, pos);
call    0 returned 2
branch  1 taken 2 (fallthrough)
branch  2 taken 0 (throw)
        2:  106:            return 0;
        2:  107:        }
        2:  107-block  0
call    0 returned 2
call    1 returned 2
call    2 returned 2
    $$$$$:  107-block  1
call    3 never executed
    $$$$$:  107-block  2
call    4 never executed
    $$$$$:  107-block  3
call    5 never executed
        2:  108:        if (command == 5) {
        2:  108-block  0
branch  0 taken 2 (fallthrough)
branch  1 taken 0
        2:  109:            string description = (*this->events)[pos].getDescription();
        2:  109-block  0
call    0 returned 2
call    1 returned 2
branch  2 taken 2 (fallthrough)
branch  3 taken 0 (throw)
        2:  110:            Date date = (*this->events)[pos].getDate();
        2:  110-block  0
call    0 returned 2
call    1 returned 2
branch  2 taken 2 (fallthrough)
branch  3 taken 0 (throw)
        2:  111:            int time = (*this->events)[pos].getTime();
        2:  111-block  0
call    0 returned 2
call    1 returned 2
branch  2 taken 2 (fallthrough)
branch  3 taken 0 (throw)
        2:  112:            string link = (*this->events)[pos].getLink();
        2:  112-block  0
call    0 returned 2
call    1 returned 2
branch  2 taken 2 (fallthrough)
branch  3 taken 0 (throw)
        2:  113:            Event e(title, description, date, time, newInt, link);
        2:  113-block  0
call    0 returned 2
branch  1 taken 2 (fallthrough)
branch  2 taken 0 (throw)
        2:  113-block  1
call    3 returned 2
branch  4 taken 2 (fallthrough)
branch  5 taken 0 (throw)
        2:  113-block  2
call    6 returned 2
branch  7 taken 2 (fallthrough)
branch  8 taken 0 (throw)
        2:  113-block  3
call    9 returned 2
branch 10 taken 2 (fallthrough)
branch 11 taken 0 (throw)
        2:  113-block  4
call   12 returned 2
call   13 returned 2
call   14 returned 2
    $$$$$:  113-block  5
call   15 never executed
    $$$$$:  113-block  6
    $$$$$:  113-block  7
call   16 never executed
    $$$$$:  113-block  8
    $$$$$:  113-block  9
call   17 never executed
    $$$$$:  113-block 10
        2:  114:            this->events->Update(e, pos);
call    0 returned 2
branch  1 taken 2 (fallthrough)
branch  2 taken 0 (throw)
        2:  115:            return 0;
        2:  116:        }
        2:  116-block  0
call    0 returned 2
call    1 returned 2
call    2 returned 2
    $$$$$:  116-block  1
call    3 never executed
    $$$$$:  116-block  2
call    4 never executed
    $$$$$:  116-block  3
call    5 never executed
        -:  117:    }
        9:  118:    return 1;
        9:  118-block  0
        -:  119:}
        -:  120:
function _ZN10Repository15updateEventDateENSt7__cxx1112basic_stringIcSt11char_traitsIcESaIcEEEiii called 5 returned 100% blocks executed 61%
        5:  121:int Repository::updateEventDate(string title, int day, int month, int year) {
        5:  122:    int pos = checkExistance(title);
        5:  122-block  0
call    0 returned 5
branch  1 taken 5 (fallthrough)
branch  2 taken 0 (throw)
        5:  122-block  1
call    3 returned 5
branch  4 taken 5 (fallthrough)
branch  5 taken 0 (throw)
        5:  122-block  2
call    6 returned 5
    $$$$$:  122-block  3
call    7 never executed
    $$$$$:  122-block  4
call    8 never executed
        5:  123:    if(pos != -1) {
branch  0 taken 2 (fallthrough)
branch  1 taken 3
        2:  124:        Date date(day, month, year);
        2:  124-block  0
call    0 returned 2
branch  1 taken 2 (fallthrough)
branch  2 taken 0 (throw)
        2:  125:        string description = (*this->events)[pos].getDescription();
        2:  125-block  0
call    0 returned 2
call    1 returned 2
branch  2 taken 2 (fallthrough)
branch  3 taken 0 (throw)
        2:  126:        int time = (*this->events)[pos].getTime();
        2:  126-block  0
call    0 returned 2
call    1 returned 2
branch  2 taken 2 (fallthrough)
branch  3 taken 0 (throw)
        2:  127:        int attendance = (*this->events)[pos].getAttendance();
        2:  127-block  0
call    0 returned 2
call    1 returned 2
branch  2 taken 2 (fallthrough)
branch  3 taken 0 (throw)
        2:  128:        string link = (*this->events)[pos].getLink();
        2:  128-block  0
call    0 returned 2
call    1 returned 2
branch  2 taken 2 (fallthrough)
branch  3 taken 0 (throw)
        2:  129:        Event e(title, description, date, time, attendance, link);
        2:  129-block  0
call    0 returned 2
branch  1 taken 2 (fallthrough)
branch  2 taken 0 (throw)
        2:  129-block  1
call    3 returned 2
branch  4 taken 2 (fallthrough)
branch  5 taken 0 (throw)
        2:  129-block  2
call    6 returned 2
branch  7 taken 2 (fallthrough)
branch  8 taken 0 (throw)
        2:  129-block  3
call    9 returned 2
branch 10 taken 2 (fallthrough)
branch 11 taken 0 (throw)
        2:  129-block  4
call   12 returned 2
call   13 returned 2
call   14 returned 2
    $$$$$:  129-block  5
call   15 never executed
    $$$$$:  129-block  6
    $$$$$:  129-block  7
call   16 never executed
    $$$$$:  129-block  8
    $$$$$:  129-block  9
call   17 never executed
    $$$$$:  129-block 10
        2:  130:        this->events->Update(e, pos);
call    0 returned 2
branch  1 taken 2 (fallthrough)
branch  2 taken 0 (throw)
        2:  131:        return 0;
        2:  132:    }
        2:  132-block  0
call    0 returned 2
call    1 returned 2
call    2 returned 2
    $$$$$:  132-block  1
call    3 never executed
    $$$$$:  132-block  2
call    4 never executed
    $$$$$:  132-block  3
call    5 never executed
        3:  133:    return 1;
        3:  133-block  0
        -:  134:}
        -:  135:
        -:  136:
        -:  137:
function _ZN10RepositoryD2Ev called 13 returned 100% blocks executed 100%
       13:  138:Repository::~Repository() {
       13:  139:    delete this->events;
       13:  139-block  0
branch  0 taken 13 (fallthrough)
branch  1 taken 0
       13:  139-block  1
call    2 returned 13
call    3 returned 13
       13:  140:}
